2024/10/17 08:19:54,591 [ INFO  ] ChekcStr – ChekcStr instantiated
2024/10/17 08:19:54,608 [ INFO  ] ChekcStr – Starting execution of total() with input: 
2024/10/17 08:19:54,608 [ INFO  ] ChekcStr – total() returned: 0
2024/10/17 08:19:54,608 [ INFO  ] ChekcStr – Ending execution of total()
2024/10/17 08:19:54,628 [ INFO  ] ChekcStr – ChekcStr instantiated
2024/10/17 08:19:54,630 [ INFO  ] ChekcStr – Starting execution of convert() with input: 4
2024/10/17 08:19:54,630 [ INFO  ] ChekcStr – Starting execution of total() with input: 4
2024/10/17 08:19:54,630 [ INFO  ] ChekcStr – total() returned: 52
2024/10/17 08:19:54,631 [ INFO  ] ChekcStr – Ending execution of total()
2024/10/17 08:19:54,631 [ INFO  ] ChekcStr – Starting execution of binarise() with input: 52
2024/10/17 08:19:54,632 [ INFO  ] ChekcStr – binarise() returned: 110100
2024/10/17 08:19:54,632 [ INFO  ] ChekcStr – Ending execution of binarise()
2024/10/17 08:19:54,632 [ INFO  ] ChekcStr – convert() returned: 110100
2024/10/17 08:19:54,633 [ INFO  ] ChekcStr – Ending execution of convert()
2024/10/17 08:19:54,650 [ INFO  ] ChekcStr – ChekcStr instantiated
2024/10/17 08:19:54,651 [ INFO  ] ChekcStr – Starting execution of binarise() with input: -1
2024/10/17 08:19:54,651 [ INFO  ] ChekcStr – binarise() returned: 
2024/10/17 08:19:54,651 [ INFO  ] ChekcStr – Ending execution of binarise()
2024/10/17 08:19:54,655 [ INFO  ] ChekcStr – ChekcStr instantiated
2024/10/17 08:19:54,655 [ INFO  ] ChekcStr – Starting execution of total() with input: 123
2024/10/17 08:19:54,656 [ INFO  ] ChekcStr – Starting execution of total() with input: 23
2024/10/17 08:19:54,656 [ INFO  ] ChekcStr – Starting execution of total() with input: 3
2024/10/17 08:19:54,656 [ INFO  ] ChekcStr – total() returned: 51
2024/10/17 08:19:54,656 [ INFO  ] ChekcStr – Ending execution of total()
2024/10/17 08:19:54,656 [ INFO  ] ChekcStr – total() returned: 101
2024/10/17 08:19:54,656 [ INFO  ] ChekcStr – Ending execution of total()
2024/10/17 08:19:54,657 [ INFO  ] ChekcStr – total() returned: 150
2024/10/17 08:19:54,657 [ INFO  ] ChekcStr – Ending execution of total()
2024/10/17 08:19:54,672 [ INFO  ] ChekcStr – ChekcStr instantiated
2024/10/17 08:19:54,673 [ INFO  ] ChekcStr – Starting execution of binarise() with input: 4
2024/10/17 08:19:54,674 [ INFO  ] ChekcStr – binarise() returned: 100
2024/10/17 08:19:54,674 [ INFO  ] ChekcStr – Ending execution of binarise()
2024/10/17 08:19:54,680 [ INFO  ] ChekcStr – ChekcStr instantiated
2024/10/17 08:19:54,680 [ INFO  ] ChekcStr – Starting execution of binarise() with input: 4
2024/10/17 08:19:54,680 [ INFO  ] ChekcStr – binarise() returned: 100
2024/10/17 08:19:54,680 [ INFO  ] ChekcStr – Ending execution of binarise()
2024/10/17 08:19:54,683 [ INFO  ] ChekcStr – ChekcStr instantiated
2024/10/17 08:19:54,683 [ INFO  ] ChekcStr – Starting execution of binarise() with input: 4
2024/10/17 08:19:54,683 [ INFO  ] ChekcStr – binarise() returned: 100
2024/10/17 08:19:54,683 [ INFO  ] ChekcStr – Ending execution of binarise()
2024/10/17 08:19:54,686 [ INFO  ] ChekcStr – ChekcStr instantiated
2024/10/17 08:19:54,686 [ INFO  ] ChekcStr – Starting execution of binarise() with input: 4
2024/10/17 08:19:54,686 [ INFO  ] ChekcStr – binarise() returned: 100
2024/10/17 08:19:54,686 [ INFO  ] ChekcStr – Ending execution of binarise()
2024/10/17 08:19:54,688 [ INFO  ] ChekcStr – ChekcStr instantiated
2024/10/17 08:19:54,688 [ INFO  ] ChekcStr – Starting execution of binarise() with input: 4
2024/10/17 08:19:54,689 [ INFO  ] ChekcStr – binarise() returned: 100
2024/10/17 08:19:54,689 [ INFO  ] ChekcStr – Ending execution of binarise()
2024/10/17 08:19:54,692 [ INFO  ] ChekcStr – ChekcStr instantiated
2024/10/17 08:19:54,692 [ INFO  ] ChekcStr – Starting execution of binarise() with input: 4
2024/10/17 08:19:54,692 [ INFO  ] ChekcStr – binarise() returned: 100
2024/10/17 08:19:54,692 [ INFO  ] ChekcStr – Ending execution of binarise()
2024/10/17 08:19:54,694 [ INFO  ] ChekcStr – ChekcStr instantiated
2024/10/17 08:19:54,695 [ INFO  ] ChekcStr – Starting execution of binarise() with input: 4
2024/10/17 08:19:54,695 [ INFO  ] ChekcStr – binarise() returned: 100
2024/10/17 08:19:54,695 [ INFO  ] ChekcStr – Ending execution of binarise()
2024/10/17 08:19:54,697 [ INFO  ] ChekcStr – ChekcStr instantiated
2024/10/17 08:19:54,697 [ INFO  ] ChekcStr – Starting execution of binarise() with input: 4
2024/10/17 08:19:54,697 [ INFO  ] ChekcStr – binarise() returned: 100
2024/10/17 08:19:54,698 [ INFO  ] ChekcStr – Ending execution of binarise()
2024/10/17 08:19:54,699 [ INFO  ] ChekcStr – ChekcStr instantiated
2024/10/17 08:19:54,700 [ INFO  ] ChekcStr – Starting execution of binarise() with input: 4
2024/10/17 08:19:54,700 [ INFO  ] ChekcStr – binarise() returned: 100
2024/10/17 08:19:54,700 [ INFO  ] ChekcStr – Ending execution of binarise()
2024/10/17 08:19:54,702 [ INFO  ] ChekcStr – ChekcStr instantiated
2024/10/17 08:19:54,702 [ INFO  ] ChekcStr – Starting execution of binarise() with input: 4
2024/10/17 08:19:54,702 [ INFO  ] ChekcStr – binarise() returned: 100
2024/10/17 08:19:54,703 [ INFO  ] ChekcStr – Ending execution of binarise()
2024/10/17 08:19:54,705 [ INFO  ] ChekcStr – ChekcStr instantiated
2024/10/17 08:19:54,705 [ INFO  ] ChekcStr – Starting execution of binarise() with input: 4
2024/10/17 08:19:54,705 [ INFO  ] ChekcStr – binarise() returned: 100
2024/10/17 08:19:54,705 [ INFO  ] ChekcStr – Ending execution of binarise()
2024/10/17 08:19:54,707 [ INFO  ] ChekcStr – ChekcStr instantiated
2024/10/17 08:19:54,708 [ INFO  ] ChekcStr – Starting execution of binarise() with input: 4
2024/10/17 08:19:54,708 [ INFO  ] ChekcStr – binarise() returned: 100
2024/10/17 08:19:54,708 [ INFO  ] ChekcStr – Ending execution of binarise()
2024/10/17 08:19:54,710 [ INFO  ] ChekcStr – ChekcStr instantiated
2024/10/17 08:19:54,710 [ INFO  ] ChekcStr – Starting execution of binarise() with input: 4
2024/10/17 08:19:54,711 [ INFO  ] ChekcStr – binarise() returned: 100
2024/10/17 08:19:54,711 [ INFO  ] ChekcStr – Ending execution of binarise()
2024/10/17 08:19:54,713 [ INFO  ] ChekcStr – ChekcStr instantiated
2024/10/17 08:19:54,713 [ INFO  ] ChekcStr – Starting execution of binarise() with input: 4
2024/10/17 08:19:54,713 [ INFO  ] ChekcStr – binarise() returned: 100
2024/10/17 08:19:54,713 [ INFO  ] ChekcStr – Ending execution of binarise()
2024/10/17 08:19:54,716 [ INFO  ] ChekcStr – ChekcStr instantiated
2024/10/17 08:19:54,716 [ INFO  ] ChekcStr – Starting execution of binarise() with input: 4
2024/10/17 08:19:54,716 [ INFO  ] ChekcStr – binarise() returned: 100
2024/10/17 08:19:54,717 [ INFO  ] ChekcStr – Ending execution of binarise()
2024/10/17 08:19:54,719 [ INFO  ] ChekcStr – ChekcStr instantiated
2024/10/17 08:19:54,719 [ INFO  ] ChekcStr – Starting execution of binarise() with input: 4
2024/10/17 08:19:54,719 [ INFO  ] ChekcStr – binarise() returned: 100
2024/10/17 08:19:54,719 [ INFO  ] ChekcStr – Ending execution of binarise()
2024/10/17 08:19:54,721 [ INFO  ] ChekcStr – ChekcStr instantiated
2024/10/17 08:19:54,722 [ INFO  ] ChekcStr – Starting execution of binarise() with input: 4
2024/10/17 08:19:54,722 [ INFO  ] ChekcStr – binarise() returned: 100
2024/10/17 08:19:54,722 [ INFO  ] ChekcStr – Ending execution of binarise()
2024/10/17 08:19:54,724 [ INFO  ] ChekcStr – ChekcStr instantiated
2024/10/17 08:19:54,724 [ INFO  ] ChekcStr – Starting execution of binarise() with input: 4
2024/10/17 08:19:54,725 [ INFO  ] ChekcStr – binarise() returned: 100
2024/10/17 08:19:54,725 [ INFO  ] ChekcStr – Ending execution of binarise()
2024/10/17 08:19:54,727 [ INFO  ] ChekcStr – ChekcStr instantiated
2024/10/17 08:19:54,728 [ INFO  ] ChekcStr – Starting execution of binarise() with input: 4
2024/10/17 08:19:54,728 [ INFO  ] ChekcStr – binarise() returned: 100
2024/10/17 08:19:54,728 [ INFO  ] ChekcStr – Ending execution of binarise()
2024/10/17 08:19:54,730 [ INFO  ] ChekcStr – ChekcStr instantiated
2024/10/17 08:19:54,730 [ INFO  ] ChekcStr – Starting execution of binarise() with input: 4
2024/10/17 08:19:54,730 [ INFO  ] ChekcStr – binarise() returned: 100
2024/10/17 08:19:54,731 [ INFO  ] ChekcStr – Ending execution of binarise()
2024/10/17 08:19:54,732 [ INFO  ] ChekcStr – ChekcStr instantiated
2024/10/17 08:19:54,733 [ INFO  ] ChekcStr – Starting execution of binarise() with input: 4
2024/10/17 08:19:54,733 [ INFO  ] ChekcStr – binarise() returned: 100
2024/10/17 08:19:54,733 [ INFO  ] ChekcStr – Ending execution of binarise()
2024/10/17 08:19:54,735 [ INFO  ] ChekcStr – ChekcStr instantiated
2024/10/17 08:19:54,735 [ INFO  ] ChekcStr – Starting execution of binarise() with input: 4
2024/10/17 08:19:54,735 [ INFO  ] ChekcStr – binarise() returned: 100
2024/10/17 08:19:54,735 [ INFO  ] ChekcStr – Ending execution of binarise()
2024/10/17 08:19:54,738 [ INFO  ] ChekcStr – ChekcStr instantiated
2024/10/17 08:19:54,738 [ INFO  ] ChekcStr – Starting execution of binarise() with input: 4
2024/10/17 08:19:54,738 [ INFO  ] ChekcStr – binarise() returned: 100
2024/10/17 08:19:54,738 [ INFO  ] ChekcStr – Ending execution of binarise()
2024/10/17 08:19:54,741 [ INFO  ] ChekcStr – ChekcStr instantiated
2024/10/17 08:19:54,741 [ INFO  ] ChekcStr – Starting execution of binarise() with input: 4
2024/10/17 08:19:54,741 [ INFO  ] ChekcStr – binarise() returned: 100
2024/10/17 08:19:54,741 [ INFO  ] ChekcStr – Ending execution of binarise()
2024/10/17 08:19:54,743 [ INFO  ] ChekcStr – ChekcStr instantiated
2024/10/17 08:19:54,744 [ INFO  ] ChekcStr – Starting execution of binarise() with input: 4
2024/10/17 08:19:54,744 [ INFO  ] ChekcStr – binarise() returned: 100
2024/10/17 08:19:54,744 [ INFO  ] ChekcStr – Ending execution of binarise()
2024/10/17 08:19:54,746 [ INFO  ] ChekcStr – ChekcStr instantiated
2024/10/17 08:19:54,746 [ INFO  ] ChekcStr – Starting execution of binarise() with input: 4
